[2025-10-09T13:48:23.276+0000] {taskinstance.py:1165} INFO - Dependencies all met for <TaskInstance: data_preparation_pipeline_v2.setup_directories scheduled__2025-10-08T12:08:22.672156+00:00 [queued]>
[2025-10-09T13:48:23.328+0000] {taskinstance.py:1165} INFO - Dependencies all met for <TaskInstance: data_preparation_pipeline_v2.setup_directories scheduled__2025-10-08T12:08:22.672156+00:00 [queued]>
[2025-10-09T13:48:23.329+0000] {taskinstance.py:1362} INFO - 
--------------------------------------------------------------------------------
[2025-10-09T13:48:23.329+0000] {taskinstance.py:1363} INFO - Starting attempt 2 of 2
[2025-10-09T13:48:23.330+0000] {taskinstance.py:1364} INFO - 
--------------------------------------------------------------------------------
[2025-10-09T13:48:23.485+0000] {taskinstance.py:1383} INFO - Executing <Task(PythonOperator): setup_directories> on 2025-10-08 12:08:22.672156+00:00
[2025-10-09T13:48:23.535+0000] {standard_task_runner.py:55} INFO - Started process 238 to run task
[2025-10-09T13:48:23.587+0000] {standard_task_runner.py:82} INFO - Running: ['***', 'tasks', 'run', 'data_preparation_pipeline_v2', 'setup_directories', 'scheduled__2025-10-08T12:08:22.672156+00:00', '--job-id', '23', '--raw', '--subdir', 'DAGS_FOLDER/data_prep_dag.py', '--cfg-path', '/tmp/tmpde2n_w16']
[2025-10-09T13:48:23.619+0000] {standard_task_runner.py:83} INFO - Job 23: Subtask setup_directories
[2025-10-09T13:48:24.407+0000] {task_command.py:376} INFO - Running <TaskInstance: data_preparation_pipeline_v2.setup_directories scheduled__2025-10-08T12:08:22.672156+00:00 [running]> on host 8ad75b35e78d
[2025-10-09T13:48:27.101+0000] {taskinstance.py:1592} INFO - Exporting the following env vars:
AIRFLOW_CTX_DAG_OWNER=***
AIRFLOW_CTX_DAG_ID=data_preparation_pipeline_v2
AIRFLOW_CTX_TASK_ID=setup_directories
AIRFLOW_CTX_EXECUTION_DATE=2025-10-08T12:08:22.672156+00:00
AIRFLOW_CTX_TRY_NUMBER=2
AIRFLOW_CTX_DAG_RUN_ID=scheduled__2025-10-08T12:08:22.672156+00:00
[2025-10-09T13:48:27.172+0000] {python.py:177} INFO - Done. Returned value was: {'original': PosixPath('/opt/airflow/data/original'), 'clean': PosixPath('/opt/airflow/data/clean'), 'final': PosixPath('/opt/airflow/data/final')}
[2025-10-09T13:48:27.304+0000] {xcom.py:600} ERROR - Could not serialize the XCom value into JSON. If you are using pickle instead of JSON for XCom, then you need to enable pickle support for XCom in your *** config.
[2025-10-09T13:48:27.319+0000] {taskinstance.py:1851} ERROR - Task failed with exception
Traceback (most recent call last):
  File "/home/airflow/.local/lib/python3.7/site-packages/airflow/utils/session.py", line 72, in wrapper
    return func(*args, **kwargs)
  File "/home/airflow/.local/lib/python3.7/site-packages/airflow/models/taskinstance.py", line 2385, in xcom_push
    session=session,
  File "/home/airflow/.local/lib/python3.7/site-packages/airflow/utils/session.py", line 72, in wrapper
    return func(*args, **kwargs)
  File "/home/airflow/.local/lib/python3.7/site-packages/airflow/models/xcom.py", line 212, in set
    map_index=map_index,
  File "/home/airflow/.local/lib/python3.7/site-packages/airflow/models/xcom.py", line 597, in serialize_value
    return json.dumps(value).encode('UTF-8')
  File "/usr/local/lib/python3.7/json/__init__.py", line 231, in dumps
    return _default_encoder.encode(obj)
  File "/usr/local/lib/python3.7/json/encoder.py", line 199, in encode
    chunks = self.iterencode(o, _one_shot=True)
  File "/usr/local/lib/python3.7/json/encoder.py", line 257, in iterencode
    return _iterencode(o, 0)
  File "/usr/local/lib/python3.7/json/encoder.py", line 179, in default
    raise TypeError(f'Object of type {o.__class__.__name__} '
TypeError: Object of type PosixPath is not JSON serializable
[2025-10-09T13:48:27.654+0000] {taskinstance.py:1406} INFO - Marking task as FAILED. dag_id=data_preparation_pipeline_v2, task_id=setup_directories, execution_date=20251008T120822, start_date=20251009T134823, end_date=20251009T134827
[2025-10-09T13:48:27.801+0000] {standard_task_runner.py:105} ERROR - Failed to execute job 23 for task setup_directories (Object of type PosixPath is not JSON serializable; 238)
[2025-10-09T13:48:27.930+0000] {local_task_job.py:164} INFO - Task exited with return code 1
[2025-10-09T13:48:28.232+0000] {local_task_job.py:273} INFO - 0 downstream tasks scheduled from follow-on schedule check
